<?xml version="1.0" encoding="UTF-8"?>
<!-- Generated by org.testng.reporters.JUnitReportReporter -->
<testsuite hostname="LAPTOP-BOGG50BI" failures="0" tests="6" name="com.ap.test.registration_test" time="130.367" errors="0" timestamp="2021-09-22T06:57:38 IST" skipped="0">
  <testcase classname="com.ap.test.registration_test" name="CreateEmail_address" time="22.655"/>
  <system-out/>
  <testcase classname="com.ap.test.registration_test" name="validRegister" time="29.413"/>
  <system-out/>
  <testcase classname="com.ap.test.registration_test" name="testValidLogin" time="37.679"/>
  <system-out/>
  <testcase classname="com.ap.test.registration_test" name="CreateEmail_addressForInvalidRegister" time="10.274"/>
  <system-out/>
  <testcase classname="com.ap.test.registration_test" name="InvalidRegister" time="14.299"/>
  <system-out/>
  <testcase classname="com.ap.test.registration_test" name="testInValidLogin" time="16.047"/>
  <system-out/>
</testsuite> <!-- com.ap.test.registration_test -->
