<?xml version="1.0" encoding="UTF-8"?>
<!-- Generated by org.testng.reporters.JUnitReportReporter -->
<testsuite hostname="LAPTOP-BOGG50BI" failures="0" tests="1" name="com.ap.test.Login_test" time="42.963" errors="0" timestamp="2021-09-21T22:48:20 IST" skipped="0">
  <testcase classname="com.ap.test.Login_test" name="testValidLogin" time="42.963"/>
  <system-out/>
</testsuite> <!-- com.ap.test.Login_test -->
